[debug] [2024-06-28T18:01:12.050Z] ----------------------------------------------------------------------
[debug] [2024-06-28T18:01:12.055Z] Command:       C:\Program Files\nodejs\node.exe C:\Users\youne\AppData\Roaming\npm\node_modules\firebase-tools\lib\bin\firebase.js init
[debug] [2024-06-28T18:01:12.056Z] CLI Version:   13.12.0
[debug] [2024-06-28T18:01:12.056Z] Platform:      win32
[debug] [2024-06-28T18:01:12.056Z] Node Version:  v21.6.1
[debug] [2024-06-28T18:01:12.057Z] Time:          Fri Jun 28 2024 19:01:12 GMT+0100 (GMT+01:00)
[debug] [2024-06-28T18:01:12.057Z] ----------------------------------------------------------------------
[debug] 
[debug] [2024-06-28T18:01:12.061Z] >>> [apiv2][query] GET https://firebase-public.firebaseio.com/cli.json [none]
[debug] [2024-06-28T18:01:12.132Z] > command requires scopes: ["email","openid","https://www.googleapis.com/auth/cloudplatformprojects.readonly","https://www.googleapis.com/auth/firebase","https://www.googleapis.com/auth/cloud-platform"]
[debug] [2024-06-28T18:01:12.132Z] > authorizing via signed-in user (aaiidilatariq@gmail.com)
[info] 
     ######## #### ########  ######## ########     ###     ######  ########
     ##        ##  ##     ## ##       ##     ##  ##   ##  ##       ##
     ######    ##  ########  ######   ########  #########  ######  ######
     ##        ##  ##    ##  ##       ##     ## ##     ##       ## ##
     ##       #### ##     ## ######## ########  ##     ##  ######  ########

You're about to initialize a Firebase project in this directory:

  C:\Users\youne\OneDrive\Desktop\UM6P-CS\s4\swebdev\rat

[debug] [2024-06-28T18:01:12.503Z] <<< [apiv2][status] GET https://firebase-public.firebaseio.com/cli.json 200
[debug] [2024-06-28T18:01:12.504Z] <<< [apiv2][body] GET https://firebase-public.firebaseio.com/cli.json {"cloudBuildErrorAfter":1594252800000,"cloudBuildWarnAfter":1590019200000,"defaultNode10After":1594252800000,"minVersion":"3.0.5","node8DeploysDisabledAfter":1613390400000,"node8RuntimeDisabledAfter":1615809600000,"node8WarnAfter":1600128000000}
